SF:lib/features/cashier/domain/entities/client_entity.dart
DA:49,3
DA:61,0
DA:64,0
DA:65,0
DA:66,0
DA:67,0
DA:71,0
DA:72,0
DA:75,0
DA:78,1
DA:79,1
DA:80,1
DA:81,1
DA:82,1
DA:83,1
DA:84,1
DA:85,1
DA:86,1
DA:91,0
DA:92,0
DA:93,0
DA:94,0
DA:95,0
DA:96,0
DA:97,0
DA:98,0
DA:102,0
DA:111,0
DA:112,0
DA:113,0
DA:114,0
DA:115,0
DA:116,0
DA:117,0
DA:118,0
DA:122,0
DA:125,0
DA:127,0
DA:128,0
DA:130,0
DA:131,0
LF:41
LH:10
end_of_record
SF:lib/features/cashier/domain/entities/client_magasin_entity.dart
DA:37,2
DA:45,0
DA:48,0
DA:51,0
DA:54,0
DA:57,0
DA:60,0
DA:61,0
DA:62,0
DA:63,0
DA:64,0
DA:65,0
DA:70,0
DA:71,0
DA:72,0
DA:73,0
DA:74,0
DA:78,0
DA:84,0
DA:85,0
DA:86,0
DA:87,0
DA:88,0
DA:93,0
DA:94,0
DA:98,0
DA:99,0
DA:103,0
DA:104,0
DA:105,0
DA:108,0
DA:111,0
DA:112,0
DA:113,0
DA:114,0
DA:116,0
DA:117,0
DA:119,0
DA:121,0
LF:39
LH:1
end_of_record
SF:lib/features/cashier/domain/usecases/ajouter_solde.dart
DA:48,1
DA:59,1
DA:65,1
DA:66,1
DA:70,2
LF:5
LH:5
end_of_record
SF:lib/features/cashier/domain/usecases/ajouter_solde_clientcode.dart
DA:42,0
DA:53,0
DA:59,0
DA:60,0
DA:62,0
DA:63,0
DA:66,0
LF:7
LH:0
end_of_record
SF:lib/features/cashier/domain/usecases/charger_recompenses_usecase.dart
DA:38,2
DA:44,0
DA:45,0
DA:48,0
DA:61,1
DA:69,1
DA:74,2
DA:75,2
DA:79,2
DA:85,1
DA:86,1
DA:88,1
LF:12
LH:9
end_of_record
SF:lib/features/cashier/domain/usecases/getclient_byuniquecode.dart
DA:38,1
DA:47,1
DA:51,1
DA:52,0
DA:55,2
LF:5
LH:4
end_of_record
SF:lib/features/cashier/domain/usecases/getcurrent_magazin.dart
DA:38,0
DA:45,0
DA:46,0
LF:3
LH:0
end_of_record
SF:lib/features/cashier/domain/usecases/reclamer_recompense_usecase.dart
DA:40,1
DA:50,1
DA:57,1
DA:58,0
DA:61,2
LF:5
LH:4
end_of_record
SF:lib/features/cashier/presentation/cubit/caissier_cubit.dart
DA:21,1
DA:28,2
DA:30,1
DA:35,2
DA:37,2
DA:42,2
DA:44,3
DA:48,1
DA:53,2
DA:56,2
DA:62,2
DA:64,3
DA:68,1
DA:72,2
DA:74,2
DA:78,1
DA:79,1
DA:80,1
DA:81,1
DA:85,3
DA:90,1
DA:102,2
DA:106,1
DA:111,2
DA:119,1
DA:122,1
DA:123,1
DA:130,3
DA:134,1
DA:135,2
DA:137,2
DA:138,2
DA:142,2
DA:143,2
DA:147,0
DA:152,1
DA:154,2
LF:37
LH:36
end_of_record
SF:lib/features/cashier/presentation/cubit/caissier_state.dart
DA:17,1
DA:22,1
DA:27,1
DA:33,0
DA:41,0
DA:47,1
DA:56,1
DA:61,1
DA:66,1
LF:9
LH:7
end_of_record
SF:lib/features/profile/domain/entities/magasin_entity.dart
DA:15,1
DA:29,0
DA:30,0
DA:31,0
DA:32,0
DA:33,0
DA:34,0
DA:35,0
DA:36,0
DA:37,0
DA:38,0
DA:39,0
DA:40,0
DA:41,0
DA:42,0
DA:47,0
DA:48,0
DA:49,0
DA:50,0
DA:51,0
DA:52,0
DA:53,0
DA:54,0
DA:55,0
DA:56,0
DA:57,0
DA:58,0
DA:59,0
DA:60,0
DA:66,0
DA:67,0
DA:68,0
DA:69,0
DA:70,0
DA:71,0
DA:72,0
DA:73,0
DA:74,0
DA:75,0
DA:76,0
DA:77,0
DA:79,0
DA:81,0
DA:82,0
DA:83,0
LF:45
LH:1
end_of_record
SF:lib/features/rewards/domain/entities/reward_entity.dart
DA:10,3
DA:21,2
DA:22,1
DA:23,1
DA:24,1
DA:26,1
DA:27,1
DA:31,2
DA:32,1
DA:33,1
DA:34,1
DA:36,1
DA:37,1
DA:38,1
DA:41,1
DA:50,1
DA:51,1
DA:52,1
DA:53,1
DA:57,1
DA:58,1
LF:21
LH:21
end_of_record
SF:lib/features/offers/domain/entities/offer_entity.dart
DA:9,0
DA:17,0
DA:18,0
DA:19,0
DA:20,0
DA:21,0
DA:22,0
DA:23,0
DA:27,0
DA:28,0
DA:29,0
DA:30,0
DA:31,0
DA:32,0
DA:33,0
DA:37,0
DA:44,0
DA:45,0
DA:46,0
DA:47,0
DA:48,0
DA:49,0
LF:22
LH:0
end_of_record
SF:lib/features/auth/domain/entities/user.dart
DA:9,2
DA:11,0
DA:12,0
DA:13,0
DA:14,0
DA:15,0
LF:6
LH:1
end_of_record
SF:lib/features/auth/domain/usecases/signup_usecase.dart
DA:8,1
DA:10,1
DA:19,2
LF:3
LH:3
end_of_record
SF:lib/features/auth/domain/usecases/login_usecase.dart
DA:7,1
DA:9,1
DA:10,2
LF:3
LH:3
end_of_record
SF:lib/core/services/cache_service.dart
DA:37,1
DA:41,3
DA:49,1
DA:50,2
DA:54,2
DA:59,1
DA:60,2
DA:61,2
DA:62,2
DA:67,2
DA:68,1
DA:69,1
DA:75,1
DA:76,1
DA:78,3
DA:80,2
DA:95,1
DA:101,1
DA:107,1
DA:108,1
DA:113,0
DA:114,0
DA:123,0
DA:124,0
DA:126,0
DA:127,0
DA:128,0
DA:132,0
DA:133,0
DA:138,1
DA:139,2
DA:140,1
DA:141,1
DA:142,1
DA:148,0
DA:149,0
DA:151,0
DA:152,0
DA:153,0
DA:157,0
DA:158,0
DA:159,0
DA:164,0
DA:165,0
DA:166,0
DA:167,0
DA:168,0
DA:169,0
DA:177,0
DA:178,0
DA:179,0
DA:180,0
DA:184,0
DA:195,1
DA:198,1
DA:200,4
DA:202,1
DA:203,2
DA:215,0
DA:223,0
DA:224,0
DA:225,0
DA:226,0
DA:229,0
DA:231,0
DA:233,0
DA:234,0
DA:245,1
DA:247,1
DA:248,2
DA:251,2
DA:256,1
DA:258,2
DA:261,2
DA:264,4
DA:266,5
DA:270,3
DA:272,3
DA:274,0
DA:276,0
DA:277,0
DA:280,0
DA:282,0
LF:83
LH:41
end_of_record
