SF:lib/core/services/cache_service.dart
DA:37,1
DA:41,3
DA:49,1
DA:50,2
DA:54,2
DA:59,1
DA:60,2
DA:61,2
DA:62,2
DA:67,2
DA:68,1
DA:69,1
DA:75,1
DA:76,1
DA:78,3
DA:80,2
DA:95,1
DA:101,1
DA:107,1
DA:108,1
DA:113,0
DA:114,0
DA:123,0
DA:124,0
DA:126,0
DA:127,0
DA:128,0
DA:132,0
DA:133,0
DA:138,1
DA:139,2
DA:140,1
DA:141,1
DA:142,1
DA:148,0
DA:149,0
DA:151,0
DA:152,0
DA:153,0
DA:157,0
DA:158,0
DA:159,0
DA:164,0
DA:165,0
DA:166,0
DA:167,0
DA:168,0
DA:169,0
DA:177,0
DA:178,0
DA:179,0
DA:180,0
DA:184,0
DA:185,0
DA:186,0
DA:187,0
DA:188,0
DA:189,0
DA:199,1
DA:202,1
DA:204,4
DA:206,1
DA:207,2
DA:219,0
DA:227,0
DA:228,0
DA:229,0
DA:230,0
DA:233,0
DA:235,0
DA:237,0
DA:238,0
DA:249,1
DA:251,1
DA:252,2
DA:255,2
DA:260,1
DA:262,2
DA:265,2
DA:268,4
DA:270,5
DA:274,3
DA:276,3
DA:278,0
DA:280,0
DA:281,0
DA:284,0
DA:286,0
LF:88
LH:41
end_of_record
